<?xml version="1.0" encoding="UTF-8"?>
<testsuite xmlns:xsi="http://www.w3.org/2001/XMLSchema-instance" xsi:noNamespaceSchemaLocation="https://maven.apache.org/surefire/maven-surefire-plugin/xsd/surefire-test-report-3.0.xsd" version="3.0" name="com.payroll.AuthFlowIntegrationTest" time="11.765" tests="8" errors="0" skipped="0" failures="0">
  <properties>
[...]
</properties>
  <testcase name="adminLoginReturnsManagerIdentity" classname="com.payroll.AuthFlowIntegrationTest" time="2.489">
    <system-out><![CDATA[04:10:04.202 [main] INFO org.springframework.test.context.support.AnnotationConfigContextLoaderUtils -- Could not detect default configuration classes for test class [com.payroll.AuthFlowIntegrationTest]: AuthFlowIntegrationTest does not declare any static, non-private, non-final, nested classes annotated with @Configuration.
04:10:04.318 [main] INFO org.springframework.boot.test.context.SpringBootTestContextBootstrapper -- Found @SpringBootConfiguration com.payroll.PayrollApplication for test class com.payroll.AuthFlowIntegrationTest

  .   ____          _            __ _ _
 /\\ / ___'_ __ _ _(_)_ __  __ _ \ \ \ \
( ( )\___ | '_ | '_| | '_ \/ _` | \ \ \ \
 \\/  ___)| |_)| | | | | || (_| |  ) ) ) )
  '  |____| .__|_| |_|_| |_\__, | / / / /
 =========|_|==============|___/=/_/_/_/

 :: Spring Boot ::                (v3.3.4)

2026-04-16T04:10:04.644+08:00  INFO 28514 --- [           main] com.payroll.AuthFlowIntegrationTest      : Starting AuthFlowIntegrationTest using Java 17.0.18 with PID 28514 (started by danilo in /Users/danilo/repos/TIP_PAYROLL_WEBSITE/payroll-system/backend)
2026-04-16T04:10:04.646+08:00  INFO 28514 --- [           main] com.payroll.AuthFlowIntegrationTest      : The following 1 profile is active: "test"
2026-04-16T04:10:05.435+08:00  INFO 28514 --- [           main] .s.d.r.c.RepositoryConfigurationDelegate : Multiple Spring Data modules found, entering strict repository configuration mode
2026-04-16T04:10:05.436+08:00  INFO 28514 --- [           main] .s.d.r.c.RepositoryConfigurationDelegate : Bootstrapping Spring Data JPA repositories in DEFAULT mode.
2026-04-16T04:10:05.581+08:00  INFO 28514 --- [           main] .s.d.r.c.RepositoryConfigurationDelegate : Finished Spring Data repository scanning in 138 ms. Found 8 JPA repository interfaces.
2026-04-16T04:10:06.046+08:00  INFO 28514 --- [           main] o.hibernate.jpa.internal.util.LogHelper  : HHH000204: Processing PersistenceUnitInfo [name: default]
2026-04-16T04:10:06.118+08:00  INFO 28514 --- [           main] org.hibernate.Version                    : HHH000412: Hibernate ORM core version 6.5.3.Final
2026-04-16T04:10:06.151+08:00  INFO 28514 --- [           main] o.h.c.internal.RegionFactoryInitiator    : HHH000026: Second-level cache disabled
2026-04-16T04:10:06.268+08:00  INFO 28514 --- [           main] o.s.o.j.p.SpringPersistenceUnitInfo      : No LoadTimeWeaver setup: ignoring JPA class transformer
2026-04-16T04:10:06.301+08:00  INFO 28514 --- [           main] com.zaxxer.hikari.HikariDataSource       : HikariPool-1 - Starting...
2026-04-16T04:10:06.458+08:00  INFO 28514 --- [           main] com.zaxxer.hikari.pool.HikariPool        : HikariPool-1 - Added connection conn0: url=jdbc:h2:mem:testdb user=PAYROLL_APP
2026-04-16T04:10:06.461+08:00  INFO 28514 --- [           main] com.zaxxer.hikari.HikariDataSource       : HikariPool-1 - Start completed.
2026-04-16T04:10:06.489+08:00  WARN 28514 --- [           main] org.hibernate.orm.deprecation            : HHH90000025: H2Dialect does not need to be specified explicitly using 'hibernate.dialect' (remove the property setting and it will be selected by default)
2026-04-16T04:10:07.363+08:00  INFO 28514 --- [           main] o.h.e.t.j.p.i.JtaPlatformInitiator       : HHH000489: No JTA platform available (set 'hibernate.transaction.jta.platform' to enable JTA platform integration)
Hibernate: drop table if exists audit_events cascade 
Hibernate: drop table if exists employee_invites cascade 
Hibernate: drop table if exists employee_profiles cascade 
Hibernate: drop table if exists employees cascade 
Hibernate: drop table if exists password_credentials cascade 
Hibernate: drop table if exists payroll_records cascade 
Hibernate: drop table if exists payroll_runs cascade 
Hibernate: drop table if exists user_accounts cascade 
Hibernate: create table audit_events (created_at timestamp(6) not null, actor_user_id CHAR(36), id CHAR(36) not null, event_type varchar(100) not null, resource_id varchar(100), resource_type varchar(100), metadata_json TEXT, result enum ('FAILURE','SUCCESS') not null, primary key (id))
Hibernate: create table employee_invites (consumed_at timestamp(6), created_at timestamp(6) not null, expires_at timestamp(6) not null, created_by_user_id CHAR(36), id CHAR(36) not null, user_account_id CHAR(36) not null, token_hash varchar(128) not null unique, primary key (id))
Hibernate: create table employee_profiles (hourly_rate numeric(38,2), legacy_employee_id integer, created_at timestamp(6) not null, updated_at timestamp(6) not null, id CHAR(36) not null, campus varchar(50), employee_number varchar(50) not null unique, work_area varchar(50), first_name varchar(100), last_name varchar(100), position varchar(100), full_name varchar(200) not null, employment_status enum ('ACTIVE','INACTIVE') not null, primary key (id))
Hibernate: create table employees (bonus numeric(38,2), deductions numeric(38,2), employee_id integer generated by default as identity, hourly_rate numeric(38,2), hours_worked numeric(38,2), salary numeric(38,2), created_at timestamp(6), name varchar(100) not null, campus varchar(255), pay_period varchar(255), position varchar(255), work_area varchar(255), primary key (employee_id))
Hibernate: create table password_credentials (password_updated_at timestamp(6) not null, id CHAR(36) not null, user_account_id CHAR(36) not null unique, password_algorithm varchar(50) not null, password_hash varchar(255) not null, primary key (id))
Hibernate: create table payroll_records (bonus numeric(38,2), deductions numeric(38,2), employee_id integer, net_pay numeric(38,2), pay_period_end date, pay_period_start date, record_id integer generated by default as identity, salary numeric(38,2), generated_at timestamp(6), employee_profile_id CHAR(36), payroll_run_id CHAR(36), pay_period varchar(255), primary key (record_id))
Hibernate: create table payroll_runs (pay_period_end date not null, pay_period_start date not null, created_at timestamp(6) not null, finalized_at timestamp(6), created_by_user_id CHAR(36) not null, id CHAR(36) not null, campus_scope varchar(50), status enum ('CANCELLED','DRAFT','FINALIZED') not null, primary key (id))
Hibernate: create table user_accounts (created_at timestamp(6) not null, last_login_at timestamp(6), updated_at timestamp(6) not null, employee_profile_id CHAR(36) unique, id CHAR(36) not null, email varchar(255) not null unique, role enum ('EMPLOYEE','MANAGER') not null, status enum ('ACTIVE','DISABLED','INVITED','LOCKED') not null, primary key (id))
Hibernate: alter table if exists audit_events add constraint FK21sbe52ft4rf9gn6vyp3ed8nv foreign key (actor_user_id) references user_accounts
Hibernate: alter table if exists employee_invites add constraint FKks2mpao62ld098fhmy6s6s9ip foreign key (created_by_user_id) references user_accounts
Hibernate: alter table if exists employee_invites add constraint FK3f3qn0rm1nats9mscyul7nytu foreign key (user_account_id) references user_accounts
Hibernate: alter table if exists password_credentials add constraint FKftvta8j2o3cpeipwcu59yt7v0 foreign key (user_account_id) references user_accounts
Hibernate: alter table if exists payroll_records add constraint FKn5gkwhuhl0ars0bjwj2y7y7xt foreign key (employee_id) references employees
Hibernate: alter table if exists payroll_runs add constraint FK1d4n3qb26kr7yyf6vh0ydkpb1 foreign key (created_by_user_id) references user_accounts
Hibernate: alter table if exists user_accounts add constraint FKha1f3qd8vectuif49mw3mr9ue foreign key (employee_profile_id) references employee_profiles
2026-04-16T04:10:07.410+08:00  INFO 28514 --- [           main] j.LocalContainerEntityManagerFactoryBean : Initialized JPA EntityManagerFactory for persistence unit 'default'
2026-04-16T04:10:08.216+08:00  INFO 28514 --- [           main] r$InitializeUserDetailsManagerConfigurer : Global AuthenticationManager configured with UserDetailsService bean with name userDetailsService
2026-04-16T04:10:09.323+08:00  INFO 28514 --- [           main] o.s.b.t.m.w.SpringBootMockServletContext : Initializing Spring TestDispatcherServlet ''
2026-04-16T04:10:09.323+08:00  INFO 28514 --- [           main] o.s.t.web.servlet.TestDispatcherServlet  : Initializing Servlet ''
2026-04-16T04:10:09.324+08:00  INFO 28514 --- [           main] o.s.t.web.servlet.TestDispatcherServlet  : Completed initialization in 1 ms
2026-04-16T04:10:09.355+08:00  INFO 28514 --- [           main] com.payroll.AuthFlowIntegrationTest      : Started AuthFlowIntegrationTest in 4.916 seconds (process running for 7.329)
Hibernate: select pr1_0.record_id,pr1_0.bonus,pr1_0.deductions,pr1_0.employee_id,pr1_0.employee_profile_id,pr1_0.generated_at,pr1_0.net_pay,pr1_0.pay_period,pr1_0.pay_period_end,pr1_0.pay_period_start,pr1_0.payroll_run_id,pr1_0.salary from payroll_records pr1_0
Hibernate: select pr1_0.id,pr1_0.campus_scope,pr1_0.created_at,pr1_0.created_by_user_id,pr1_0.finalized_at,pr1_0.pay_period_end,pr1_0.pay_period_start,pr1_0.status from payroll_runs pr1_0
Hibernate: select ei1_0.id,ei1_0.consumed_at,ei1_0.created_at,ei1_0.created_by_user_id,ei1_0.expires_at,ei1_0.token_hash,ei1_0.user_account_id from employee_invites ei1_0
Hibernate: select ae1_0.id,ae1_0.actor_user_id,ae1_0.created_at,ae1_0.event_type,ae1_0.metadata_json,ae1_0.resource_id,ae1_0.resource_type,ae1_0.result from audit_events ae1_0
Hibernate: select pc1_0.id,pc1_0.password_algorithm,pc1_0.password_hash,pc1_0.password_updated_at,pc1_0.user_account_id from password_credentials pc1_0
Hibernate: select ua1_0.id,ua1_0.created_at,ua1_0.email,ua1_0.employee_profile_id,ua1_0.last_login_at,ua1_0.role,ua1_0.status,ua1_0.updated_at from user_accounts ua1_0
Hibernate: select ep1_0.id,ep1_0.campus,ep1_0.created_at,ep1_0.employee_number,ep1_0.employment_status,ep1_0.first_name,ep1_0.full_name,ep1_0.hourly_rate,ep1_0.last_name,ep1_0.legacy_employee_id,ep1_0.position,ep1_0.updated_at,ep1_0.work_area from employee_profiles ep1_0
Hibernate: select e1_0.employee_id,e1_0.bonus,e1_0.campus,e1_0.created_at,e1_0.deductions,e1_0.hourly_rate,e1_0.hours_worked,e1_0.name,e1_0.pay_period,e1_0.position,e1_0.salary,e1_0.work_area from employees e1_0
Hibernate: insert into employees (bonus,campus,deductions,hourly_rate,hours_worked,name,pay_period,position,salary,work_area,employee_id) values (?,?,?,?,?,?,?,?,?,?,default)
Hibernate: insert into user_accounts (created_at,email,employee_profile_id,last_login_at,role,status,updated_at,id) values (?,?,?,?,?,?,?,?)
Hibernate: select null,ua1_0.created_at,ua1_0.email,ua1_0.employee_profile_id,ua1_0.last_login_at,ua1_0.role,ua1_0.status,ua1_0.updated_at from user_accounts ua1_0 where ua1_0.id=?
Hibernate: insert into password_credentials (password_algorithm,password_hash,password_updated_at,user_account_id,id) values (?,?,?,?,?)
Hibernate: insert into employee_profiles (campus,created_at,employee_number,employment_status,first_name,full_name,hourly_rate,last_name,legacy_employee_id,position,updated_at,work_area,id) values (?,?,?,?,?,?,?,?,?,?,?,?,?)
Hibernate: select null,ep1_0.campus,ep1_0.created_at,ep1_0.employee_number,ep1_0.employment_status,ep1_0.first_name,ep1_0.full_name,ep1_0.hourly_rate,ep1_0.last_name,ep1_0.legacy_employee_id,ep1_0.position,ep1_0.updated_at,ep1_0.work_area from employee_profiles ep1_0 where ep1_0.id=?
Hibernate: insert into user_accounts (created_at,email,employee_profile_id,last_login_at,role,status,updated_at,id) values (?,?,?,?,?,?,?,?)
Hibernate: select null,ua1_0.created_at,ua1_0.email,ua1_0.employee_profile_id,ua1_0.last_login_at,ua1_0.role,ua1_0.status,ua1_0.updated_at from user_accounts ua1_0 where ua1_0.id=?
Hibernate: insert into password_credentials (password_algorithm,password_hash,password_updated_at,user_account_id,id) values (?,?,?,?,?)
Hibernate: insert into payroll_records (bonus,deductions,employee_id,employee_profile_id,net_pay,pay_period,pay_period_end,pay_period_start,payroll_run_id,salary,record_id) values (?,?,?,?,?,?,?,?,?,?,default)
Hibernate: select ua1_0.id,ua1_0.created_at,ua1_0.email,ua1_0.employee_profile_id,ua1_0.last_login_at,ua1_0.role,ua1_0.status,ua1_0.updated_at from user_accounts ua1_0 where upper(ua1_0.email)=upper(?)
Hibernate: select pc1_0.id,pc1_0.password_algorithm,pc1_0.password_hash,pc1_0.password_updated_at,pc1_0.user_account_id from password_credentials pc1_0 where pc1_0.user_account_id=?
Hibernate: select pc1_0.id,pc1_0.password_algorithm,pc1_0.password_hash,pc1_0.password_updated_at,pc1_0.user_account_id from password_credentials pc1_0 where pc1_0.user_account_id=?
Hibernate: insert into audit_events (actor_user_id,created_at,event_type,metadata_json,resource_id,resource_type,result,id) values (?,?,?,?,?,?,?,?)
Hibernate: update user_accounts set email=?,employee_profile_id=?,last_login_at=?,role=?,status=?,updated_at=? where id=?
Hibernate: select e1_0.employee_id,e1_0.bonus,e1_0.campus,e1_0.created_at,e1_0.deductions,e1_0.hourly_rate,e1_0.hours_worked,e1_0.name,e1_0.pay_period,e1_0.position,e1_0.salary,e1_0.work_area from employees e1_0
]]></system-out>
  </testcase>
  <testcase name="managerCanUpdateExistingEmployeePayrollBasis" classname="com.payroll.AuthFlowIntegrationTest" time="0.279">
    <system-out><![CDATA[Hibernate: select pr1_0.record_id,pr1_0.bonus,pr1_0.deductions,pr1_0.employee_id,pr1_0.employee_profile_id,pr1_0.generated_at,pr1_0.net_pay,pr1_0.pay_period,pr1_0.pay_period_end,pr1_0.pay_period_start,pr1_0.payroll_run_id,pr1_0.salary from payroll_records pr1_0
Hibernate: delete from payroll_records where record_id=?
Hibernate: select pr1_0.id,pr1_0.campus_scope,pr1_0.created_at,pr1_0.created_by_user_id,pr1_0.finalized_at,pr1_0.pay_period_end,pr1_0.pay_period_start,pr1_0.status from payroll_runs pr1_0
Hibernate: select ei1_0.id,ei1_0.consumed_at,ei1_0.created_at,ei1_0.created_by_user_id,ei1_0.expires_at,ei1_0.token_hash,ei1_0.user_account_id from employee_invites ei1_0
Hibernate: select ae1_0.id,ae1_0.actor_user_id,ae1_0.created_at,ae1_0.event_type,ae1_0.metadata_json,ae1_0.resource_id,ae1_0.resource_type,ae1_0.result from audit_events ae1_0
Hibernate: delete from audit_events where id=?
Hibernate: select pc1_0.id,pc1_0.password_algorithm,pc1_0.password_hash,pc1_0.password_updated_at,pc1_0.user_account_id from password_credentials pc1_0
Hibernate: delete from password_credentials where id=?
Hibernate: delete from password_credentials where id=?
Hibernate: select ua1_0.id,ua1_0.created_at,ua1_0.email,ua1_0.employee_profile_id,ua1_0.last_login_at,ua1_0.role,ua1_0.status,ua1_0.updated_at from user_accounts ua1_0
Hibernate: select pc1_0.id,pc1_0.password_algorithm,pc1_0.password_hash,pc1_0.password_updated_at,pc1_0.user_account_id from password_credentials pc1_0 where pc1_0.user_account_id=?
Hibernate: select pc1_0.id,pc1_0.password_algorithm,pc1_0.password_hash,pc1_0.password_updated_at,pc1_0.user_account_id from password_credentials pc1_0 where pc1_0.user_account_id=?
Hibernate: delete from user_accounts where id=?
Hibernate: delete from user_accounts where id=?
Hibernate: select ep1_0.id,ep1_0.campus,ep1_0.created_at,ep1_0.employee_number,ep1_0.employment_status,ep1_0.first_name,ep1_0.full_name,ep1_0.hourly_rate,ep1_0.last_name,ep1_0.legacy_employee_id,ep1_0.position,ep1_0.updated_at,ep1_0.work_area from employee_profiles ep1_0
Hibernate: select ua1_0.id,ua1_0.created_at,ua1_0.email,ua1_0.employee_profile_id,ua1_0.last_login_at,ua1_0.role,ua1_0.status,ua1_0.updated_at from user_accounts ua1_0 where ua1_0.employee_profile_id=?
Hibernate: delete from employee_profiles where id=?
Hibernate: select e1_0.employee_id,e1_0.bonus,e1_0.campus,e1_0.created_at,e1_0.deductions,e1_0.hourly_rate,e1_0.hours_worked,e1_0.name,e1_0.pay_period,e1_0.position,e1_0.salary,e1_0.work_area from employees e1_0
Hibernate: delete from employees where employee_id=?
Hibernate: insert into employees (bonus,campus,deductions,hourly_rate,hours_worked,name,pay_period,position,salary,work_area,employee_id) values (?,?,?,?,?,?,?,?,?,?,default)
Hibernate: insert into user_accounts (created_at,email,employee_profile_id,last_login_at,role,status,updated_at,id) values (?,?,?,?,?,?,?,?)
Hibernate: select null,ua1_0.created_at,ua1_0.email,ua1_0.employee_profile_id,ua1_0.last_login_at,ua1_0.role,ua1_0.status,ua1_0.updated_at from user_accounts ua1_0 where ua1_0.id=?
Hibernate: insert into password_credentials (password_algorithm,password_hash,password_updated_at,user_account_id,id) values (?,?,?,?,?)
Hibernate: insert into employee_profiles (campus,created_at,employee_number,employment_status,first_name,full_name,hourly_rate,last_name,legacy_employee_id,position,updated_at,work_area,id) values (?,?,?,?,?,?,?,?,?,?,?,?,?)
Hibernate: select null,ep1_0.campus,ep1_0.created_at,ep1_0.employee_number,ep1_0.employment_status,ep1_0.first_name,ep1_0.full_name,ep1_0.hourly_rate,ep1_0.last_name,ep1_0.legacy_employee_id,ep1_0.position,ep1_0.updated_at,ep1_0.work_area from employee_profiles ep1_0 where ep1_0.id=?
Hibernate: insert into user_accounts (created_at,email,employee_profile_id,last_login_at,role,status,updated_at,id) values (?,?,?,?,?,?,?,?)
Hibernate: select null,ua1_0.created_at,ua1_0.email,ua1_0.employee_profile_id,ua1_0.last_login_at,ua1_0.role,ua1_0.status,ua1_0.updated_at from user_accounts ua1_0 where ua1_0.id=?
Hibernate: insert into password_credentials (password_algorithm,password_hash,password_updated_at,user_account_id,id) values (?,?,?,?,?)
Hibernate: insert into payroll_records (bonus,deductions,employee_id,employee_profile_id,net_pay,pay_period,pay_period_end,pay_period_start,payroll_run_id,salary,record_id) values (?,?,?,?,?,?,?,?,?,?,default)
Hibernate: select ua1_0.id,ua1_0.created_at,ua1_0.email,ua1_0.employee_profile_id,ua1_0.last_login_at,ua1_0.role,ua1_0.status,ua1_0.updated_at from user_accounts ua1_0 where upper(ua1_0.email)=upper(?)
Hibernate: select pc1_0.id,pc1_0.password_algorithm,pc1_0.password_hash,pc1_0.password_updated_at,pc1_0.user_account_id from password_credentials pc1_0 where pc1_0.user_account_id=?
Hibernate: select e1_0.employee_id,e1_0.bonus,e1_0.campus,e1_0.created_at,e1_0.deductions,e1_0.hourly_rate,e1_0.hours_worked,e1_0.name,e1_0.pay_period,e1_0.position,e1_0.salary,e1_0.work_area from employees e1_0
Hibernate: select e1_0.employee_id,e1_0.bonus,e1_0.campus,e1_0.created_at,e1_0.deductions,e1_0.hourly_rate,e1_0.hours_worked,e1_0.name,e1_0.pay_period,e1_0.position,e1_0.salary,e1_0.work_area from employees e1_0 where e1_0.employee_id=?
Hibernate: select e1_0.employee_id,e1_0.bonus,e1_0.campus,e1_0.created_at,e1_0.deductions,e1_0.hourly_rate,e1_0.hours_worked,e1_0.name,e1_0.pay_period,e1_0.position,e1_0.salary,e1_0.work_area from employees e1_0 where e1_0.employee_id=?
Hibernate: update employees set bonus=?,campus=?,deductions=?,hourly_rate=?,hours_worked=?,name=?,pay_period=?,position=?,salary=?,work_area=? where employee_id=?
]]></system-out>
  </testcase>
  <testcase name="employeeCannotUseAdminLogin" classname="com.payroll.AuthFlowIntegrationTest" time="0.234">
    <system-out><![CDATA[Hibernate: select pr1_0.record_id,pr1_0.bonus,pr1_0.deductions,pr1_0.employee_id,pr1_0.employee_profile_id,pr1_0.generated_at,pr1_0.net_pay,pr1_0.pay_period,pr1_0.pay_period_end,pr1_0.pay_period_start,pr1_0.payroll_run_id,pr1_0.salary from payroll_records pr1_0
Hibernate: delete from payroll_records where record_id=?
Hibernate: select pr1_0.id,pr1_0.campus_scope,pr1_0.created_at,pr1_0.created_by_user_id,pr1_0.finalized_at,pr1_0.pay_period_end,pr1_0.pay_period_start,pr1_0.status from payroll_runs pr1_0
Hibernate: select ei1_0.id,ei1_0.consumed_at,ei1_0.created_at,ei1_0.created_by_user_id,ei1_0.expires_at,ei1_0.token_hash,ei1_0.user_account_id from employee_invites ei1_0
Hibernate: select ae1_0.id,ae1_0.actor_user_id,ae1_0.created_at,ae1_0.event_type,ae1_0.metadata_json,ae1_0.resource_id,ae1_0.resource_type,ae1_0.result from audit_events ae1_0
Hibernate: select pc1_0.id,pc1_0.password_algorithm,pc1_0.password_hash,pc1_0.password_updated_at,pc1_0.user_account_id from password_credentials pc1_0
Hibernate: delete from password_credentials where id=?
Hibernate: delete from password_credentials where id=?
Hibernate: select ua1_0.id,ua1_0.created_at,ua1_0.email,ua1_0.employee_profile_id,ua1_0.last_login_at,ua1_0.role,ua1_0.status,ua1_0.updated_at from user_accounts ua1_0
Hibernate: select pc1_0.id,pc1_0.password_algorithm,pc1_0.password_hash,pc1_0.password_updated_at,pc1_0.user_account_id from password_credentials pc1_0 where pc1_0.user_account_id=?
Hibernate: select pc1_0.id,pc1_0.password_algorithm,pc1_0.password_hash,pc1_0.password_updated_at,pc1_0.user_account_id from password_credentials pc1_0 where pc1_0.user_account_id=?
Hibernate: delete from user_accounts where id=?
Hibernate: delete from user_accounts where id=?
Hibernate: select ep1_0.id,ep1_0.campus,ep1_0.created_at,ep1_0.employee_number,ep1_0.employment_status,ep1_0.first_name,ep1_0.full_name,ep1_0.hourly_rate,ep1_0.last_name,ep1_0.legacy_employee_id,ep1_0.position,ep1_0.updated_at,ep1_0.work_area from employee_profiles ep1_0
Hibernate: select ua1_0.id,ua1_0.created_at,ua1_0.email,ua1_0.employee_profile_id,ua1_0.last_login_at,ua1_0.role,ua1_0.status,ua1_0.updated_at from user_accounts ua1_0 where ua1_0.employee_profile_id=?
Hibernate: delete from employee_profiles where id=?
Hibernate: select e1_0.employee_id,e1_0.bonus,e1_0.campus,e1_0.created_at,e1_0.deductions,e1_0.hourly_rate,e1_0.hours_worked,e1_0.name,e1_0.pay_period,e1_0.position,e1_0.salary,e1_0.work_area from employees e1_0
Hibernate: delete from employees where employee_id=?
Hibernate: insert into employees (bonus,campus,deductions,hourly_rate,hours_worked,name,pay_period,position,salary,work_area,employee_id) values (?,?,?,?,?,?,?,?,?,?,default)
Hibernate: insert into user_accounts (created_at,email,employee_profile_id,last_login_at,role,status,updated_at,id) values (?,?,?,?,?,?,?,?)
Hibernate: select null,ua1_0.created_at,ua1_0.email,ua1_0.employee_profile_id,ua1_0.last_login_at,ua1_0.role,ua1_0.status,ua1_0.updated_at from user_accounts ua1_0 where ua1_0.id=?
Hibernate: insert into password_credentials (password_algorithm,password_hash,password_updated_at,user_account_id,id) values (?,?,?,?,?)
Hibernate: insert into employee_profiles (campus,created_at,employee_number,employment_status,first_name,full_name,hourly_rate,last_name,legacy_employee_id,position,updated_at,work_area,id) values (?,?,?,?,?,?,?,?,?,?,?,?,?)
Hibernate: select null,ep1_0.campus,ep1_0.created_at,ep1_0.employee_number,ep1_0.employment_status,ep1_0.first_name,ep1_0.full_name,ep1_0.hourly_rate,ep1_0.last_name,ep1_0.legacy_employee_id,ep1_0.position,ep1_0.updated_at,ep1_0.work_area from employee_profiles ep1_0 where ep1_0.id=?
Hibernate: insert into user_accounts (created_at,email,employee_profile_id,last_login_at,role,status,updated_at,id) values (?,?,?,?,?,?,?,?)
Hibernate: select null,ua1_0.created_at,ua1_0.email,ua1_0.employee_profile_id,ua1_0.last_login_at,ua1_0.role,ua1_0.status,ua1_0.updated_at from user_accounts ua1_0 where ua1_0.id=?
Hibernate: insert into password_credentials (password_algorithm,password_hash,password_updated_at,user_account_id,id) values (?,?,?,?,?)
Hibernate: insert into payroll_records (bonus,deductions,employee_id,employee_profile_id,net_pay,pay_period,pay_period_end,pay_period_start,payroll_run_id,salary,record_id) values (?,?,?,?,?,?,?,?,?,?,default)
Hibernate: select ua1_0.id,ua1_0.created_at,ua1_0.email,ua1_0.employee_profile_id,ua1_0.last_login_at,ua1_0.role,ua1_0.status,ua1_0.updated_at from user_accounts ua1_0 where upper(ua1_0.email)=upper(?)
Hibernate: select pc1_0.id,pc1_0.password_algorithm,pc1_0.password_hash,pc1_0.password_updated_at,pc1_0.user_account_id from password_credentials pc1_0 where pc1_0.user_account_id=?
Hibernate: select pc1_0.id,pc1_0.password_algorithm,pc1_0.password_hash,pc1_0.password_updated_at,pc1_0.user_account_id from password_credentials pc1_0 where pc1_0.user_account_id=?
]]></system-out>
  </testcase>
  <testcase name="employeeCanLoadOwnPayrollRecordDetail" classname="com.payroll.AuthFlowIntegrationTest" time="0.187">
    <system-out><![CDATA[Hibernate: select pr1_0.record_id,pr1_0.bonus,pr1_0.deductions,pr1_0.employee_id,pr1_0.employee_profile_id,pr1_0.generated_at,pr1_0.net_pay,pr1_0.pay_period,pr1_0.pay_period_end,pr1_0.pay_period_start,pr1_0.payroll_run_id,pr1_0.salary from payroll_records pr1_0
Hibernate: delete from payroll_records where record_id=?
Hibernate: select pr1_0.id,pr1_0.campus_scope,pr1_0.created_at,pr1_0.created_by_user_id,pr1_0.finalized_at,pr1_0.pay_period_end,pr1_0.pay_period_start,pr1_0.status from payroll_runs pr1_0
Hibernate: select ei1_0.id,ei1_0.consumed_at,ei1_0.created_at,ei1_0.created_by_user_id,ei1_0.expires_at,ei1_0.token_hash,ei1_0.user_account_id from employee_invites ei1_0
Hibernate: select ae1_0.id,ae1_0.actor_user_id,ae1_0.created_at,ae1_0.event_type,ae1_0.metadata_json,ae1_0.resource_id,ae1_0.resource_type,ae1_0.result from audit_events ae1_0
Hibernate: select pc1_0.id,pc1_0.password_algorithm,pc1_0.password_hash,pc1_0.password_updated_at,pc1_0.user_account_id from password_credentials pc1_0
Hibernate: delete from password_credentials where id=?
Hibernate: delete from password_credentials where id=?
Hibernate: select ua1_0.id,ua1_0.created_at,ua1_0.email,ua1_0.employee_profile_id,ua1_0.last_login_at,ua1_0.role,ua1_0.status,ua1_0.updated_at from user_accounts ua1_0
Hibernate: select pc1_0.id,pc1_0.password_algorithm,pc1_0.password_hash,pc1_0.password_updated_at,pc1_0.user_account_id from password_credentials pc1_0 where pc1_0.user_account_id=?
Hibernate: select pc1_0.id,pc1_0.password_algorithm,pc1_0.password_hash,pc1_0.password_updated_at,pc1_0.user_account_id from password_credentials pc1_0 where pc1_0.user_account_id=?
Hibernate: delete from user_accounts where id=?
Hibernate: delete from user_accounts where id=?
Hibernate: select ep1_0.id,ep1_0.campus,ep1_0.created_at,ep1_0.employee_number,ep1_0.employment_status,ep1_0.first_name,ep1_0.full_name,ep1_0.hourly_rate,ep1_0.last_name,ep1_0.legacy_employee_id,ep1_0.position,ep1_0.updated_at,ep1_0.work_area from employee_profiles ep1_0
Hibernate: select ua1_0.id,ua1_0.created_at,ua1_0.email,ua1_0.employee_profile_id,ua1_0.last_login_at,ua1_0.role,ua1_0.status,ua1_0.updated_at from user_accounts ua1_0 where ua1_0.employee_profile_id=?
Hibernate: delete from employee_profiles where id=?
Hibernate: select e1_0.employee_id,e1_0.bonus,e1_0.campus,e1_0.created_at,e1_0.deductions,e1_0.hourly_rate,e1_0.hours_worked,e1_0.name,e1_0.pay_period,e1_0.position,e1_0.salary,e1_0.work_area from employees e1_0
Hibernate: delete from employees where employee_id=?
Hibernate: insert into employees (bonus,campus,deductions,hourly_rate,hours_worked,name,pay_period,position,salary,work_area,employee_id) values (?,?,?,?,?,?,?,?,?,?,default)
Hibernate: insert into user_accounts (created_at,email,employee_profile_id,last_login_at,role,status,updated_at,id) values (?,?,?,?,?,?,?,?)
Hibernate: select null,ua1_0.created_at,ua1_0.email,ua1_0.employee_profile_id,ua1_0.last_login_at,ua1_0.role,ua1_0.status,ua1_0.updated_at from user_accounts ua1_0 where ua1_0.id=?
Hibernate: insert into password_credentials (password_algorithm,password_hash,password_updated_at,user_account_id,id) values (?,?,?,?,?)
Hibernate: insert into employee_profiles (campus,created_at,employee_number,employment_status,first_name,full_name,hourly_rate,last_name,legacy_employee_id,position,updated_at,work_area,id) values (?,?,?,?,?,?,?,?,?,?,?,?,?)
Hibernate: select null,ep1_0.campus,ep1_0.created_at,ep1_0.employee_number,ep1_0.employment_status,ep1_0.first_name,ep1_0.full_name,ep1_0.hourly_rate,ep1_0.last_name,ep1_0.legacy_employee_id,ep1_0.position,ep1_0.updated_at,ep1_0.work_area from employee_profiles ep1_0 where ep1_0.id=?
Hibernate: insert into user_accounts (created_at,email,employee_profile_id,last_login_at,role,status,updated_at,id) values (?,?,?,?,?,?,?,?)
Hibernate: select null,ua1_0.created_at,ua1_0.email,ua1_0.employee_profile_id,ua1_0.last_login_at,ua1_0.role,ua1_0.status,ua1_0.updated_at from user_accounts ua1_0 where ua1_0.id=?
Hibernate: insert into password_credentials (password_algorithm,password_hash,password_updated_at,user_account_id,id) values (?,?,?,?,?)
Hibernate: insert into payroll_records (bonus,deductions,employee_id,employee_profile_id,net_pay,pay_period,pay_period_end,pay_period_start,payroll_run_id,salary,record_id) values (?,?,?,?,?,?,?,?,?,?,default)
Hibernate: select e1_0.employee_id,e1_0.bonus,e1_0.campus,e1_0.created_at,e1_0.deductions,e1_0.hourly_rate,e1_0.hours_worked,e1_0.name,e1_0.pay_period,e1_0.position,e1_0.salary,e1_0.work_area from employees e1_0
Hibernate: select ep1_0.id,ep1_0.campus,ep1_0.created_at,ep1_0.employee_number,ep1_0.employment_status,ep1_0.first_name,ep1_0.full_name,ep1_0.hourly_rate,ep1_0.last_name,ep1_0.legacy_employee_id,ep1_0.position,ep1_0.updated_at,ep1_0.work_area from employee_profiles ep1_0 where ep1_0.legacy_employee_id=?
Hibernate: select ua1_0.id,ua1_0.created_at,ua1_0.email,ua1_0.employee_profile_id,ua1_0.last_login_at,ua1_0.role,ua1_0.status,ua1_0.updated_at from user_accounts ua1_0 where ua1_0.employee_profile_id=?
Hibernate: select pc1_0.id,pc1_0.password_algorithm,pc1_0.password_hash,pc1_0.password_updated_at,pc1_0.user_account_id from password_credentials pc1_0 where pc1_0.user_account_id=?
Hibernate: select pr1_0.record_id,pr1_0.bonus,pr1_0.deductions,pr1_0.employee_id,pr1_0.employee_profile_id,pr1_0.generated_at,pr1_0.net_pay,pr1_0.pay_period,pr1_0.pay_period_end,pr1_0.pay_period_start,pr1_0.payroll_run_id,pr1_0.salary from payroll_records pr1_0 where pr1_0.employee_id=? order by pr1_0.generated_at desc
Hibernate: select ep1_0.id,ep1_0.campus,ep1_0.created_at,ep1_0.employee_number,ep1_0.employment_status,ep1_0.first_name,ep1_0.full_name,ep1_0.hourly_rate,ep1_0.last_name,ep1_0.legacy_employee_id,ep1_0.position,ep1_0.updated_at,ua1_0.id,ua1_0.created_at,ua1_0.email,ua1_0.last_login_at,ua1_0.role,ua1_0.status,ua1_0.updated_at,ep1_0.work_area from employee_profiles ep1_0 left join user_accounts ua1_0 on ep1_0.id=ua1_0.employee_profile_id where ep1_0.id=?
Hibernate: select pc1_0.id,pc1_0.password_algorithm,pc1_0.password_hash,pc1_0.password_updated_at,pc1_0.user_account_id from password_credentials pc1_0 where pc1_0.user_account_id=?
Hibernate: select pr1_0.record_id,pr1_0.bonus,pr1_0.deductions,pr1_0.employee_id,pr1_0.employee_profile_id,pr1_0.generated_at,pr1_0.net_pay,pr1_0.pay_period,pr1_0.pay_period_end,pr1_0.pay_period_start,pr1_0.payroll_run_id,pr1_0.salary from payroll_records pr1_0 where pr1_0.record_id=? and pr1_0.employee_id=?
Hibernate: select e1_0.employee_id,e1_0.bonus,e1_0.campus,e1_0.created_at,e1_0.deductions,e1_0.hourly_rate,e1_0.hours_worked,e1_0.name,e1_0.pay_period,e1_0.position,e1_0.salary,e1_0.work_area from employees e1_0 where e1_0.employee_id=?
]]></system-out>
  </testcase>
  <testcase name="managerCanCreateAndFinalizePayrollRun" classname="com.payroll.AuthFlowIntegrationTest" time="0.558">
    <system-out><![CDATA[Hibernate: select pr1_0.record_id,pr1_0.bonus,pr1_0.deductions,pr1_0.employee_id,pr1_0.employee_profile_id,pr1_0.generated_at,pr1_0.net_pay,pr1_0.pay_period,pr1_0.pay_period_end,pr1_0.pay_period_start,pr1_0.payroll_run_id,pr1_0.salary from payroll_records pr1_0
Hibernate: delete from payroll_records where record_id=?
Hibernate: select pr1_0.id,pr1_0.campus_scope,pr1_0.created_at,pr1_0.created_by_user_id,pr1_0.finalized_at,pr1_0.pay_period_end,pr1_0.pay_period_start,pr1_0.status from payroll_runs pr1_0
Hibernate: select ei1_0.id,ei1_0.consumed_at,ei1_0.created_at,ei1_0.created_by_user_id,ei1_0.expires_at,ei1_0.token_hash,ei1_0.user_account_id from employee_invites ei1_0
Hibernate: select ae1_0.id,ae1_0.actor_user_id,ae1_0.created_at,ae1_0.event_type,ae1_0.metadata_json,ae1_0.resource_id,ae1_0.resource_type,ae1_0.result from audit_events ae1_0
Hibernate: select pc1_0.id,pc1_0.password_algorithm,pc1_0.password_hash,pc1_0.password_updated_at,pc1_0.user_account_id from password_credentials pc1_0
Hibernate: delete from password_credentials where id=?
Hibernate: delete from password_credentials where id=?
Hibernate: select ua1_0.id,ua1_0.created_at,ua1_0.email,ua1_0.employee_profile_id,ua1_0.last_login_at,ua1_0.role,ua1_0.status,ua1_0.updated_at from user_accounts ua1_0
Hibernate: select pc1_0.id,pc1_0.password_algorithm,pc1_0.password_hash,pc1_0.password_updated_at,pc1_0.user_account_id from password_credentials pc1_0 where pc1_0.user_account_id=?
Hibernate: select pc1_0.id,pc1_0.password_algorithm,pc1_0.password_hash,pc1_0.password_updated_at,pc1_0.user_account_id from password_credentials pc1_0 where pc1_0.user_account_id=?
Hibernate: delete from user_accounts where id=?
Hibernate: delete from user_accounts where id=?
Hibernate: select ep1_0.id,ep1_0.campus,ep1_0.created_at,ep1_0.employee_number,ep1_0.employment_status,ep1_0.first_name,ep1_0.full_name,ep1_0.hourly_rate,ep1_0.last_name,ep1_0.legacy_employee_id,ep1_0.position,ep1_0.updated_at,ep1_0.work_area from employee_profiles ep1_0
Hibernate: select ua1_0.id,ua1_0.created_at,ua1_0.email,ua1_0.employee_profile_id,ua1_0.last_login_at,ua1_0.role,ua1_0.status,ua1_0.updated_at from user_accounts ua1_0 where ua1_0.employee_profile_id=?
Hibernate: delete from employee_profiles where id=?
Hibernate: select e1_0.employee_id,e1_0.bonus,e1_0.campus,e1_0.created_at,e1_0.deductions,e1_0.hourly_rate,e1_0.hours_worked,e1_0.name,e1_0.pay_period,e1_0.position,e1_0.salary,e1_0.work_area from employees e1_0
Hibernate: delete from employees where employee_id=?
Hibernate: insert into employees (bonus,campus,deductions,hourly_rate,hours_worked,name,pay_period,position,salary,work_area,employee_id) values (?,?,?,?,?,?,?,?,?,?,default)
Hibernate: insert into user_accounts (created_at,email,employee_profile_id,last_login_at,role,status,updated_at,id) values (?,?,?,?,?,?,?,?)
Hibernate: select null,ua1_0.created_at,ua1_0.email,ua1_0.employee_profile_id,ua1_0.last_login_at,ua1_0.role,ua1_0.status,ua1_0.updated_at from user_accounts ua1_0 where ua1_0.id=?
Hibernate: insert into password_credentials (password_algorithm,password_hash,password_updated_at,user_account_id,id) values (?,?,?,?,?)
Hibernate: insert into employee_profiles (campus,created_at,employee_number,employment_status,first_name,full_name,hourly_rate,last_name,legacy_employee_id,position,updated_at,work_area,id) values (?,?,?,?,?,?,?,?,?,?,?,?,?)
Hibernate: select null,ep1_0.campus,ep1_0.created_at,ep1_0.employee_number,ep1_0.employment_status,ep1_0.first_name,ep1_0.full_name,ep1_0.hourly_rate,ep1_0.last_name,ep1_0.legacy_employee_id,ep1_0.position,ep1_0.updated_at,ep1_0.work_area from employee_profiles ep1_0 where ep1_0.id=?
Hibernate: insert into user_accounts (created_at,email,employee_profile_id,last_login_at,role,status,updated_at,id) values (?,?,?,?,?,?,?,?)
Hibernate: select null,ua1_0.created_at,ua1_0.email,ua1_0.employee_profile_id,ua1_0.last_login_at,ua1_0.role,ua1_0.status,ua1_0.updated_at from user_accounts ua1_0 where ua1_0.id=?
Hibernate: insert into password_credentials (password_algorithm,password_hash,password_updated_at,user_account_id,id) values (?,?,?,?,?)
Hibernate: insert into payroll_records (bonus,deductions,employee_id,employee_profile_id,net_pay,pay_period,pay_period_end,pay_period_start,payroll_run_id,salary,record_id) values (?,?,?,?,?,?,?,?,?,?,default)
Hibernate: select ua1_0.id,ua1_0.created_at,ua1_0.email,ua1_0.employee_profile_id,ua1_0.last_login_at,ua1_0.role,ua1_0.status,ua1_0.updated_at from user_accounts ua1_0 where upper(ua1_0.email)=upper(?)
Hibernate: select pc1_0.id,pc1_0.password_algorithm,pc1_0.password_hash,pc1_0.password_updated_at,pc1_0.user_account_id from password_credentials pc1_0 where pc1_0.user_account_id=?
Hibernate: select pr1_0.id,pr1_0.campus_scope,pr1_0.created_at,pr1_0.created_by_user_id,pr1_0.finalized_at,pr1_0.pay_period_end,pr1_0.pay_period_start,pr1_0.status from payroll_runs pr1_0 where pr1_0.pay_period_start=? and pr1_0.pay_period_end=?
Hibernate: select ua1_0.id,ua1_0.created_at,ua1_0.email,ua1_0.employee_profile_id,ua1_0.last_login_at,ua1_0.role,ua1_0.status,ua1_0.updated_at from user_accounts ua1_0 where ua1_0.id=?
Hibernate: select pc1_0.id,pc1_0.password_algorithm,pc1_0.password_hash,pc1_0.password_updated_at,pc1_0.user_account_id from password_credentials pc1_0 where pc1_0.user_account_id=?
Hibernate: select e1_0.employee_id,e1_0.bonus,e1_0.campus,e1_0.created_at,e1_0.deductions,e1_0.hourly_rate,e1_0.hours_worked,e1_0.name,e1_0.pay_period,e1_0.position,e1_0.salary,e1_0.work_area from employees e1_0 where upper(e1_0.campus)=upper(?) order by e1_0.name
Hibernate: select pr1_0.record_id from payroll_records pr1_0 where pr1_0.payroll_run_id=? and pr1_0.employee_id=? fetch first ? rows only
Hibernate: select ep1_0.id,ep1_0.campus,ep1_0.created_at,ep1_0.employee_number,ep1_0.employment_status,ep1_0.first_name,ep1_0.full_name,ep1_0.hourly_rate,ep1_0.last_name,ep1_0.legacy_employee_id,ep1_0.position,ep1_0.updated_at,ep1_0.work_area from employee_profiles ep1_0 where ep1_0.legacy_employee_id=?
Hibernate: select ua1_0.id,ua1_0.created_at,ua1_0.email,ua1_0.employee_profile_id,ua1_0.last_login_at,ua1_0.role,ua1_0.status,ua1_0.updated_at from user_accounts ua1_0 where ua1_0.employee_profile_id=?
Hibernate: select pc1_0.id,pc1_0.password_algorithm,pc1_0.password_hash,pc1_0.password_updated_at,pc1_0.user_account_id from password_credentials pc1_0 where pc1_0.user_account_id=?
Hibernate: insert into payroll_runs (campus_scope,created_at,created_by_user_id,finalized_at,pay_period_end,pay_period_start,status,id) values (?,?,?,?,?,?,?,?)
Hibernate: insert into payroll_records (bonus,deductions,employee_id,employee_profile_id,net_pay,pay_period,pay_period_end,pay_period_start,payroll_run_id,salary,record_id) values (?,?,?,?,?,?,?,?,?,?,default)
Hibernate: select pr1_0.record_id,pr1_0.bonus,pr1_0.deductions,pr1_0.employee_id,pr1_0.employee_profile_id,pr1_0.generated_at,pr1_0.net_pay,pr1_0.pay_period,pr1_0.pay_period_end,pr1_0.pay_period_start,pr1_0.payroll_run_id,pr1_0.salary from payroll_records pr1_0 where pr1_0.payroll_run_id=? order by pr1_0.generated_at desc
Hibernate: insert into audit_events (actor_user_id,created_at,event_type,metadata_json,resource_id,resource_type,result,id) values (?,?,?,?,?,?,?,?)
Hibernate: select pr1_0.id,pr1_0.campus_scope,pr1_0.created_at,pr1_0.created_by_user_id,pr1_0.finalized_at,pr1_0.pay_period_end,pr1_0.pay_period_start,pr1_0.status from payroll_runs pr1_0 order by pr1_0.created_at desc
Hibernate: select pr1_0.record_id,pr1_0.bonus,pr1_0.deductions,pr1_0.employee_id,pr1_0.employee_profile_id,pr1_0.generated_at,pr1_0.net_pay,pr1_0.pay_period,pr1_0.pay_period_end,pr1_0.pay_period_start,pr1_0.payroll_run_id,pr1_0.salary from payroll_records pr1_0 where pr1_0.payroll_run_id=? order by pr1_0.generated_at desc
Hibernate: select e1_0.employee_id,e1_0.bonus,e1_0.campus,e1_0.created_at,e1_0.deductions,e1_0.hourly_rate,e1_0.hours_worked,e1_0.name,e1_0.pay_period,e1_0.position,e1_0.salary,e1_0.work_area from employees e1_0 where e1_0.employee_id=?
Hibernate: select pr1_0.id,pr1_0.campus_scope,pr1_0.created_at,pr1_0.created_by_user_id,pr1_0.finalized_at,pr1_0.pay_period_end,pr1_0.pay_period_start,pr1_0.status from payroll_runs pr1_0 where pr1_0.id=?
Hibernate: select pr1_0.record_id,pr1_0.bonus,pr1_0.deductions,pr1_0.employee_id,pr1_0.employee_profile_id,pr1_0.generated_at,pr1_0.net_pay,pr1_0.pay_period,pr1_0.pay_period_end,pr1_0.pay_period_start,pr1_0.payroll_run_id,pr1_0.salary from payroll_records pr1_0 where pr1_0.payroll_run_id=? order by pr1_0.generated_at desc
Hibernate: select e1_0.employee_id,e1_0.bonus,e1_0.campus,e1_0.created_at,e1_0.deductions,e1_0.hourly_rate,e1_0.hours_worked,e1_0.name,e1_0.pay_period,e1_0.position,e1_0.salary,e1_0.work_area from employees e1_0 where e1_0.employee_id=?
Hibernate: select pr1_0.id,pr1_0.campus_scope,pr1_0.created_at,pr1_0.created_by_user_id,pr1_0.finalized_at,pr1_0.pay_period_end,pr1_0.pay_period_start,pr1_0.status from payroll_runs pr1_0 where pr1_0.id=?
Hibernate: select ua1_0.id,ua1_0.created_at,ua1_0.email,ua1_0.employee_profile_id,ua1_0.last_login_at,ua1_0.role,ua1_0.status,ua1_0.updated_at from user_accounts ua1_0 where ua1_0.id=?
Hibernate: select pc1_0.id,pc1_0.password_algorithm,pc1_0.password_hash,pc1_0.password_updated_at,pc1_0.user_account_id from password_credentials pc1_0 where pc1_0.user_account_id=?
Hibernate: select pr1_0.record_id,pr1_0.bonus,pr1_0.deductions,pr1_0.employee_id,pr1_0.employee_profile_id,pr1_0.generated_at,pr1_0.net_pay,pr1_0.pay_period,pr1_0.pay_period_end,pr1_0.pay_period_start,pr1_0.payroll_run_id,pr1_0.salary from payroll_records pr1_0 where pr1_0.payroll_run_id=? order by pr1_0.generated_at desc
Hibernate: select e1_0.employee_id,e1_0.bonus,e1_0.campus,e1_0.created_at,e1_0.deductions,e1_0.hourly_rate,e1_0.hours_worked,e1_0.name,e1_0.pay_period,e1_0.position,e1_0.salary,e1_0.work_area from employees e1_0 where e1_0.employee_id=?
Hibernate: insert into audit_events (actor_user_id,created_at,event_type,metadata_json,resource_id,resource_type,result,id) values (?,?,?,?,?,?,?,?)
Hibernate: update payroll_runs set campus_scope=?,created_by_user_id=?,finalized_at=?,pay_period_end=?,pay_period_start=?,status=? where id=?
]]></system-out>
  </testcase>
  <testcase name="unauthenticatedAdminRouteReturns401" classname="com.payroll.AuthFlowIntegrationTest" time="0.229">
    <system-out><![CDATA[Hibernate: select pr1_0.record_id,pr1_0.bonus,pr1_0.deductions,pr1_0.employee_id,pr1_0.employee_profile_id,pr1_0.generated_at,pr1_0.net_pay,pr1_0.pay_period,pr1_0.pay_period_end,pr1_0.pay_period_start,pr1_0.payroll_run_id,pr1_0.salary from payroll_records pr1_0
Hibernate: delete from payroll_records where record_id=?
Hibernate: delete from payroll_records where record_id=?
Hibernate: select pr1_0.id,pr1_0.campus_scope,pr1_0.created_at,pr1_0.created_by_user_id,pr1_0.finalized_at,pr1_0.pay_period_end,pr1_0.pay_period_start,pr1_0.status from payroll_runs pr1_0
Hibernate: delete from payroll_runs where id=?
Hibernate: select ei1_0.id,ei1_0.consumed_at,ei1_0.created_at,ei1_0.created_by_user_id,ei1_0.expires_at,ei1_0.token_hash,ei1_0.user_account_id from employee_invites ei1_0
Hibernate: select ae1_0.id,ae1_0.actor_user_id,ae1_0.created_at,ae1_0.event_type,ae1_0.metadata_json,ae1_0.resource_id,ae1_0.resource_type,ae1_0.result from audit_events ae1_0
Hibernate: delete from audit_events where id=?
Hibernate: delete from audit_events where id=?
Hibernate: select pc1_0.id,pc1_0.password_algorithm,pc1_0.password_hash,pc1_0.password_updated_at,pc1_0.user_account_id from password_credentials pc1_0
Hibernate: delete from password_credentials where id=?
Hibernate: delete from password_credentials where id=?
Hibernate: select ua1_0.id,ua1_0.created_at,ua1_0.email,ua1_0.employee_profile_id,ua1_0.last_login_at,ua1_0.role,ua1_0.status,ua1_0.updated_at from user_accounts ua1_0
Hibernate: select pc1_0.id,pc1_0.password_algorithm,pc1_0.password_hash,pc1_0.password_updated_at,pc1_0.user_account_id from password_credentials pc1_0 where pc1_0.user_account_id=?
Hibernate: select pc1_0.id,pc1_0.password_algorithm,pc1_0.password_hash,pc1_0.password_updated_at,pc1_0.user_account_id from password_credentials pc1_0 where pc1_0.user_account_id=?
Hibernate: delete from user_accounts where id=?
Hibernate: delete from user_accounts where id=?
Hibernate: select ep1_0.id,ep1_0.campus,ep1_0.created_at,ep1_0.employee_number,ep1_0.employment_status,ep1_0.first_name,ep1_0.full_name,ep1_0.hourly_rate,ep1_0.last_name,ep1_0.legacy_employee_id,ep1_0.position,ep1_0.updated_at,ep1_0.work_area from employee_profiles ep1_0
Hibernate: select ua1_0.id,ua1_0.created_at,ua1_0.email,ua1_0.employee_profile_id,ua1_0.last_login_at,ua1_0.role,ua1_0.status,ua1_0.updated_at from user_accounts ua1_0 where ua1_0.employee_profile_id=?
Hibernate: delete from employee_profiles where id=?
Hibernate: select e1_0.employee_id,e1_0.bonus,e1_0.campus,e1_0.created_at,e1_0.deductions,e1_0.hourly_rate,e1_0.hours_worked,e1_0.name,e1_0.pay_period,e1_0.position,e1_0.salary,e1_0.work_area from employees e1_0
Hibernate: delete from employees where employee_id=?
Hibernate: insert into employees (bonus,campus,deductions,hourly_rate,hours_worked,name,pay_period,position,salary,work_area,employee_id) values (?,?,?,?,?,?,?,?,?,?,default)
Hibernate: insert into user_accounts (created_at,email,employee_profile_id,last_login_at,role,status,updated_at,id) values (?,?,?,?,?,?,?,?)
Hibernate: select null,ua1_0.created_at,ua1_0.email,ua1_0.employee_profile_id,ua1_0.last_login_at,ua1_0.role,ua1_0.status,ua1_0.updated_at from user_accounts ua1_0 where ua1_0.id=?
Hibernate: insert into password_credentials (password_algorithm,password_hash,password_updated_at,user_account_id,id) values (?,?,?,?,?)
Hibernate: insert into employee_profiles (campus,created_at,employee_number,employment_status,first_name,full_name,hourly_rate,last_name,legacy_employee_id,position,updated_at,work_area,id) values (?,?,?,?,?,?,?,?,?,?,?,?,?)
Hibernate: select null,ep1_0.campus,ep1_0.created_at,ep1_0.employee_number,ep1_0.employment_status,ep1_0.first_name,ep1_0.full_name,ep1_0.hourly_rate,ep1_0.last_name,ep1_0.legacy_employee_id,ep1_0.position,ep1_0.updated_at,ep1_0.work_area from employee_profiles ep1_0 where ep1_0.id=?
Hibernate: insert into user_accounts (created_at,email,employee_profile_id,last_login_at,role,status,updated_at,id) values (?,?,?,?,?,?,?,?)
Hibernate: select null,ua1_0.created_at,ua1_0.email,ua1_0.employee_profile_id,ua1_0.last_login_at,ua1_0.role,ua1_0.status,ua1_0.updated_at from user_accounts ua1_0 where ua1_0.id=?
Hibernate: insert into password_credentials (password_algorithm,password_hash,password_updated_at,user_account_id,id) values (?,?,?,?,?)
Hibernate: insert into payroll_records (bonus,deductions,employee_id,employee_profile_id,net_pay,pay_period,pay_period_end,pay_period_start,payroll_run_id,salary,record_id) values (?,?,?,?,?,?,?,?,?,?,default)
]]></system-out>
  </testcase>
  <testcase name="employeeSessionCanLoadOwnProfileButNotAdminRoute" classname="com.payroll.AuthFlowIntegrationTest" time="0.255">
    <system-out><![CDATA[Hibernate: select pr1_0.record_id,pr1_0.bonus,pr1_0.deductions,pr1_0.employee_id,pr1_0.employee_profile_id,pr1_0.generated_at,pr1_0.net_pay,pr1_0.pay_period,pr1_0.pay_period_end,pr1_0.pay_period_start,pr1_0.payroll_run_id,pr1_0.salary from payroll_records pr1_0
Hibernate: delete from payroll_records where record_id=?
Hibernate: select pr1_0.id,pr1_0.campus_scope,pr1_0.created_at,pr1_0.created_by_user_id,pr1_0.finalized_at,pr1_0.pay_period_end,pr1_0.pay_period_start,pr1_0.status from payroll_runs pr1_0
Hibernate: select ei1_0.id,ei1_0.consumed_at,ei1_0.created_at,ei1_0.created_by_user_id,ei1_0.expires_at,ei1_0.token_hash,ei1_0.user_account_id from employee_invites ei1_0
Hibernate: select ae1_0.id,ae1_0.actor_user_id,ae1_0.created_at,ae1_0.event_type,ae1_0.metadata_json,ae1_0.resource_id,ae1_0.resource_type,ae1_0.result from audit_events ae1_0
Hibernate: select pc1_0.id,pc1_0.password_algorithm,pc1_0.password_hash,pc1_0.password_updated_at,pc1_0.user_account_id from password_credentials pc1_0
Hibernate: delete from password_credentials where id=?
Hibernate: delete from password_credentials where id=?
Hibernate: select ua1_0.id,ua1_0.created_at,ua1_0.email,ua1_0.employee_profile_id,ua1_0.last_login_at,ua1_0.role,ua1_0.status,ua1_0.updated_at from user_accounts ua1_0
Hibernate: select pc1_0.id,pc1_0.password_algorithm,pc1_0.password_hash,pc1_0.password_updated_at,pc1_0.user_account_id from password_credentials pc1_0 where pc1_0.user_account_id=?
Hibernate: select pc1_0.id,pc1_0.password_algorithm,pc1_0.password_hash,pc1_0.password_updated_at,pc1_0.user_account_id from password_credentials pc1_0 where pc1_0.user_account_id=?
Hibernate: delete from user_accounts where id=?
Hibernate: delete from user_accounts where id=?
Hibernate: select ep1_0.id,ep1_0.campus,ep1_0.created_at,ep1_0.employee_number,ep1_0.employment_status,ep1_0.first_name,ep1_0.full_name,ep1_0.hourly_rate,ep1_0.last_name,ep1_0.legacy_employee_id,ep1_0.position,ep1_0.updated_at,ep1_0.work_area from employee_profiles ep1_0
Hibernate: select ua1_0.id,ua1_0.created_at,ua1_0.email,ua1_0.employee_profile_id,ua1_0.last_login_at,ua1_0.role,ua1_0.status,ua1_0.updated_at from user_accounts ua1_0 where ua1_0.employee_profile_id=?
Hibernate: delete from employee_profiles where id=?
Hibernate: select e1_0.employee_id,e1_0.bonus,e1_0.campus,e1_0.created_at,e1_0.deductions,e1_0.hourly_rate,e1_0.hours_worked,e1_0.name,e1_0.pay_period,e1_0.position,e1_0.salary,e1_0.work_area from employees e1_0
Hibernate: delete from employees where employee_id=?
Hibernate: insert into employees (bonus,campus,deductions,hourly_rate,hours_worked,name,pay_period,position,salary,work_area,employee_id) values (?,?,?,?,?,?,?,?,?,?,default)
Hibernate: insert into user_accounts (created_at,email,employee_profile_id,last_login_at,role,status,updated_at,id) values (?,?,?,?,?,?,?,?)
Hibernate: select null,ua1_0.created_at,ua1_0.email,ua1_0.employee_profile_id,ua1_0.last_login_at,ua1_0.role,ua1_0.status,ua1_0.updated_at from user_accounts ua1_0 where ua1_0.id=?
Hibernate: insert into password_credentials (password_algorithm,password_hash,password_updated_at,user_account_id,id) values (?,?,?,?,?)
Hibernate: insert into employee_profiles (campus,created_at,employee_number,employment_status,first_name,full_name,hourly_rate,last_name,legacy_employee_id,position,updated_at,work_area,id) values (?,?,?,?,?,?,?,?,?,?,?,?,?)
Hibernate: select null,ep1_0.campus,ep1_0.created_at,ep1_0.employee_number,ep1_0.employment_status,ep1_0.first_name,ep1_0.full_name,ep1_0.hourly_rate,ep1_0.last_name,ep1_0.legacy_employee_id,ep1_0.position,ep1_0.updated_at,ep1_0.work_area from employee_profiles ep1_0 where ep1_0.id=?
Hibernate: insert into user_accounts (created_at,email,employee_profile_id,last_login_at,role,status,updated_at,id) values (?,?,?,?,?,?,?,?)
Hibernate: select null,ua1_0.created_at,ua1_0.email,ua1_0.employee_profile_id,ua1_0.last_login_at,ua1_0.role,ua1_0.status,ua1_0.updated_at from user_accounts ua1_0 where ua1_0.id=?
Hibernate: insert into password_credentials (password_algorithm,password_hash,password_updated_at,user_account_id,id) values (?,?,?,?,?)
Hibernate: insert into payroll_records (bonus,deductions,employee_id,employee_profile_id,net_pay,pay_period,pay_period_end,pay_period_start,payroll_run_id,salary,record_id) values (?,?,?,?,?,?,?,?,?,?,default)
Hibernate: select ua1_0.id,ua1_0.created_at,ua1_0.email,ua1_0.employee_profile_id,ua1_0.last_login_at,ua1_0.role,ua1_0.status,ua1_0.updated_at from user_accounts ua1_0 where upper(ua1_0.email)=upper(?)
Hibernate: select pc1_0.id,pc1_0.password_algorithm,pc1_0.password_hash,pc1_0.password_updated_at,pc1_0.user_account_id from password_credentials pc1_0 where pc1_0.user_account_id=?
Hibernate: select pc1_0.id,pc1_0.password_algorithm,pc1_0.password_hash,pc1_0.password_updated_at,pc1_0.user_account_id from password_credentials pc1_0 where pc1_0.user_account_id=?
Hibernate: insert into audit_events (actor_user_id,created_at,event_type,metadata_json,resource_id,resource_type,result,id) values (?,?,?,?,?,?,?,?)
Hibernate: update user_accounts set email=?,employee_profile_id=?,last_login_at=?,role=?,status=?,updated_at=? where id=?
Hibernate: select e1_0.employee_id,e1_0.bonus,e1_0.campus,e1_0.created_at,e1_0.deductions,e1_0.hourly_rate,e1_0.hours_worked,e1_0.name,e1_0.pay_period,e1_0.position,e1_0.salary,e1_0.work_area from employees e1_0
Hibernate: select ep1_0.id,ep1_0.campus,ep1_0.created_at,ep1_0.employee_number,ep1_0.employment_status,ep1_0.first_name,ep1_0.full_name,ep1_0.hourly_rate,ep1_0.last_name,ep1_0.legacy_employee_id,ep1_0.position,ep1_0.updated_at,ep1_0.work_area from employee_profiles ep1_0 where ep1_0.legacy_employee_id=?
Hibernate: select ua1_0.id,ua1_0.created_at,ua1_0.email,ua1_0.employee_profile_id,ua1_0.last_login_at,ua1_0.role,ua1_0.status,ua1_0.updated_at from user_accounts ua1_0 where ua1_0.employee_profile_id=?
Hibernate: select pc1_0.id,pc1_0.password_algorithm,pc1_0.password_hash,pc1_0.password_updated_at,pc1_0.user_account_id from password_credentials pc1_0 where pc1_0.user_account_id=?
Hibernate: select ep1_0.id,ep1_0.campus,ep1_0.created_at,ep1_0.employee_number,ep1_0.employment_status,ep1_0.first_name,ep1_0.full_name,ep1_0.hourly_rate,ep1_0.last_name,ep1_0.legacy_employee_id,ep1_0.position,ep1_0.updated_at,ua1_0.id,ua1_0.created_at,ua1_0.email,ua1_0.last_login_at,ua1_0.role,ua1_0.status,ua1_0.updated_at,ep1_0.work_area from employee_profiles ep1_0 left join user_accounts ua1_0 on ep1_0.id=ua1_0.employee_profile_id where ep1_0.id=?
Hibernate: select pc1_0.id,pc1_0.password_algorithm,pc1_0.password_hash,pc1_0.password_updated_at,pc1_0.user_account_id from password_credentials pc1_0 where pc1_0.user_account_id=?
]]></system-out>
  </testcase>
  <testcase name="managerCanProvisionEmployeeAndEmployeeCanActivateInvite" classname="com.payroll.AuthFlowIntegrationTest" time="1.984">
    <system-out><![CDATA[Hibernate: select pr1_0.record_id,pr1_0.bonus,pr1_0.deductions,pr1_0.employee_id,pr1_0.employee_profile_id,pr1_0.generated_at,pr1_0.net_pay,pr1_0.pay_period,pr1_0.pay_period_end,pr1_0.pay_period_start,pr1_0.payroll_run_id,pr1_0.salary from payroll_records pr1_0
Hibernate: delete from payroll_records where record_id=?
Hibernate: select pr1_0.id,pr1_0.campus_scope,pr1_0.created_at,pr1_0.created_by_user_id,pr1_0.finalized_at,pr1_0.pay_period_end,pr1_0.pay_period_start,pr1_0.status from payroll_runs pr1_0
Hibernate: select ei1_0.id,ei1_0.consumed_at,ei1_0.created_at,ei1_0.created_by_user_id,ei1_0.expires_at,ei1_0.token_hash,ei1_0.user_account_id from employee_invites ei1_0
Hibernate: select ae1_0.id,ae1_0.actor_user_id,ae1_0.created_at,ae1_0.event_type,ae1_0.metadata_json,ae1_0.resource_id,ae1_0.resource_type,ae1_0.result from audit_events ae1_0
Hibernate: delete from audit_events where id=?
Hibernate: select pc1_0.id,pc1_0.password_algorithm,pc1_0.password_hash,pc1_0.password_updated_at,pc1_0.user_account_id from password_credentials pc1_0
Hibernate: delete from password_credentials where id=?
Hibernate: delete from password_credentials where id=?
Hibernate: select ua1_0.id,ua1_0.created_at,ua1_0.email,ua1_0.employee_profile_id,ua1_0.last_login_at,ua1_0.role,ua1_0.status,ua1_0.updated_at from user_accounts ua1_0
Hibernate: select pc1_0.id,pc1_0.password_algorithm,pc1_0.password_hash,pc1_0.password_updated_at,pc1_0.user_account_id from password_credentials pc1_0 where pc1_0.user_account_id=?
Hibernate: select pc1_0.id,pc1_0.password_algorithm,pc1_0.password_hash,pc1_0.password_updated_at,pc1_0.user_account_id from password_credentials pc1_0 where pc1_0.user_account_id=?
Hibernate: delete from user_accounts where id=?
Hibernate: delete from user_accounts where id=?
Hibernate: select ep1_0.id,ep1_0.campus,ep1_0.created_at,ep1_0.employee_number,ep1_0.employment_status,ep1_0.first_name,ep1_0.full_name,ep1_0.hourly_rate,ep1_0.last_name,ep1_0.legacy_employee_id,ep1_0.position,ep1_0.updated_at,ep1_0.work_area from employee_profiles ep1_0
Hibernate: select ua1_0.id,ua1_0.created_at,ua1_0.email,ua1_0.employee_profile_id,ua1_0.last_login_at,ua1_0.role,ua1_0.status,ua1_0.updated_at from user_accounts ua1_0 where ua1_0.employee_profile_id=?
Hibernate: delete from employee_profiles where id=?
Hibernate: select e1_0.employee_id,e1_0.bonus,e1_0.campus,e1_0.created_at,e1_0.deductions,e1_0.hourly_rate,e1_0.hours_worked,e1_0.name,e1_0.pay_period,e1_0.position,e1_0.salary,e1_0.work_area from employees e1_0
Hibernate: delete from employees where employee_id=?
Hibernate: insert into employees (bonus,campus,deductions,hourly_rate,hours_worked,name,pay_period,position,salary,work_area,employee_id) values (?,?,?,?,?,?,?,?,?,?,default)
Hibernate: insert into user_accounts (created_at,email,employee_profile_id,last_login_at,role,status,updated_at,id) values (?,?,?,?,?,?,?,?)
Hibernate: select null,ua1_0.created_at,ua1_0.email,ua1_0.employee_profile_id,ua1_0.last_login_at,ua1_0.role,ua1_0.status,ua1_0.updated_at from user_accounts ua1_0 where ua1_0.id=?
Hibernate: insert into password_credentials (password_algorithm,password_hash,password_updated_at,user_account_id,id) values (?,?,?,?,?)
Hibernate: insert into employee_profiles (campus,created_at,employee_number,employment_status,first_name,full_name,hourly_rate,last_name,legacy_employee_id,position,updated_at,work_area,id) values (?,?,?,?,?,?,?,?,?,?,?,?,?)
Hibernate: select null,ep1_0.campus,ep1_0.created_at,ep1_0.employee_number,ep1_0.employment_status,ep1_0.first_name,ep1_0.full_name,ep1_0.hourly_rate,ep1_0.last_name,ep1_0.legacy_employee_id,ep1_0.position,ep1_0.updated_at,ep1_0.work_area from employee_profiles ep1_0 where ep1_0.id=?
Hibernate: insert into user_accounts (created_at,email,employee_profile_id,last_login_at,role,status,updated_at,id) values (?,?,?,?,?,?,?,?)
Hibernate: select null,ua1_0.created_at,ua1_0.email,ua1_0.employee_profile_id,ua1_0.last_login_at,ua1_0.role,ua1_0.status,ua1_0.updated_at from user_accounts ua1_0 where ua1_0.id=?
Hibernate: insert into password_credentials (password_algorithm,password_hash,password_updated_at,user_account_id,id) values (?,?,?,?,?)
Hibernate: insert into payroll_records (bonus,deductions,employee_id,employee_profile_id,net_pay,pay_period,pay_period_end,pay_period_start,payroll_run_id,salary,record_id) values (?,?,?,?,?,?,?,?,?,?,default)
Hibernate: select ua1_0.id,ua1_0.created_at,ua1_0.email,ua1_0.employee_profile_id,ua1_0.last_login_at,ua1_0.role,ua1_0.status,ua1_0.updated_at from user_accounts ua1_0 where upper(ua1_0.email)=upper(?)
Hibernate: select pc1_0.id,pc1_0.password_algorithm,pc1_0.password_hash,pc1_0.password_updated_at,pc1_0.user_account_id from password_credentials pc1_0 where pc1_0.user_account_id=?
Hibernate: select ep1_0.id from employee_profiles ep1_0 where upper(ep1_0.employee_number)=upper(?) fetch first ? rows only
Hibernate: select ua1_0.id from user_accounts ua1_0 where upper(ua1_0.email)=upper(?) fetch first ? rows only
Hibernate: insert into employees (bonus,campus,deductions,hourly_rate,hours_worked,name,pay_period,position,salary,work_area,employee_id) values (?,?,?,?,?,?,?,?,?,?,default)
Hibernate: select ua1_0.id,ua1_0.created_at,ua1_0.email,ua1_0.employee_profile_id,ua1_0.last_login_at,ua1_0.role,ua1_0.status,ua1_0.updated_at from user_accounts ua1_0 where ua1_0.id=?
Hibernate: select pc1_0.id,pc1_0.password_algorithm,pc1_0.password_hash,pc1_0.password_updated_at,pc1_0.user_account_id from password_credentials pc1_0 where pc1_0.user_account_id=?
Hibernate: select ei1_0.id,ei1_0.consumed_at,ei1_0.created_at,ei1_0.created_by_user_id,ei1_0.expires_at,ei1_0.token_hash,ei1_0.user_account_id from employee_invites ei1_0 where ei1_0.user_account_id=?
Hibernate: insert into employee_profiles (campus,created_at,employee_number,employment_status,first_name,full_name,hourly_rate,last_name,legacy_employee_id,position,updated_at,work_area,id) values (?,?,?,?,?,?,?,?,?,?,?,?,?)
Hibernate: insert into user_accounts (created_at,email,employee_profile_id,last_login_at,role,status,updated_at,id) values (?,?,?,?,?,?,?,?)
Hibernate: insert into employee_invites (consumed_at,created_at,created_by_user_id,expires_at,token_hash,user_account_id,id) values (?,?,?,?,?,?,?)
Hibernate: insert into audit_events (actor_user_id,created_at,event_type,metadata_json,resource_id,resource_type,result,id) values (?,?,?,?,?,?,?,?)
Hibernate: insert into audit_events (actor_user_id,created_at,event_type,metadata_json,resource_id,resource_type,result,id) values (?,?,?,?,?,?,?,?)
Hibernate: select ua1_0.id,ua1_0.created_at,ua1_0.email,ua1_0.employee_profile_id,ua1_0.last_login_at,ua1_0.role,ua1_0.status,ua1_0.updated_at from user_accounts ua1_0 where upper(ua1_0.email)=upper(?)
Hibernate: select pc1_0.id,pc1_0.password_algorithm,pc1_0.password_hash,pc1_0.password_updated_at,pc1_0.user_account_id from password_credentials pc1_0 where pc1_0.user_account_id=?
Hibernate: select ei1_0.id,ei1_0.consumed_at,ei1_0.created_at,ei1_0.created_by_user_id,ei1_0.expires_at,ei1_0.token_hash,ei1_0.user_account_id from employee_invites ei1_0 where ei1_0.user_account_id=?
Hibernate: select ei1_0.id,ei1_0.consumed_at,ei1_0.created_at,ei1_0.created_by_user_id,ei1_0.expires_at,ei1_0.token_hash,ei1_0.user_account_id from employee_invites ei1_0 where ei1_0.token_hash=?
Hibernate: select ua1_0.id,ua1_0.created_at,ua1_0.email,ua1_0.employee_profile_id,ua1_0.last_login_at,ua1_0.role,ua1_0.status,ua1_0.updated_at from user_accounts ua1_0 where ua1_0.id=?
Hibernate: select pc1_0.id,pc1_0.password_algorithm,pc1_0.password_hash,pc1_0.password_updated_at,pc1_0.user_account_id from password_credentials pc1_0 where pc1_0.user_account_id=?
Hibernate: select ep1_0.id,ep1_0.campus,ep1_0.created_at,ep1_0.employee_number,ep1_0.employment_status,ep1_0.first_name,ep1_0.full_name,ep1_0.hourly_rate,ep1_0.last_name,ep1_0.legacy_employee_id,ep1_0.position,ep1_0.updated_at,ua1_0.id,ua1_0.created_at,ua1_0.email,ua1_0.last_login_at,ua1_0.role,ua1_0.status,ua1_0.updated_at,ep1_0.work_area from employee_profiles ep1_0 left join user_accounts ua1_0 on ep1_0.id=ua1_0.employee_profile_id where ep1_0.id=?
Hibernate: select ei1_0.id,ei1_0.consumed_at,ei1_0.created_at,ei1_0.created_by_user_id,ei1_0.expires_at,ei1_0.token_hash,ei1_0.user_account_id from employee_invites ei1_0 where ei1_0.token_hash=?
Hibernate: select pc1_0.id,pc1_0.password_algorithm,pc1_0.password_hash,pc1_0.password_updated_at,pc1_0.user_account_id from password_credentials pc1_0 where pc1_0.user_account_id=?
Hibernate: select ua1_0.id,ua1_0.created_at,ua1_0.email,ua1_0.employee_profile_id,ua1_0.last_login_at,ua1_0.role,ua1_0.status,ua1_0.updated_at from user_accounts ua1_0 where ua1_0.id=?
Hibernate: select pc1_0.id,pc1_0.password_algorithm,pc1_0.password_hash,pc1_0.password_updated_at,pc1_0.user_account_id from password_credentials pc1_0 where pc1_0.user_account_id=?
Hibernate: insert into password_credentials (password_algorithm,password_hash,password_updated_at,user_account_id,id) values (?,?,?,?,?)
Hibernate: insert into audit_events (actor_user_id,created_at,event_type,metadata_json,resource_id,resource_type,result,id) values (?,?,?,?,?,?,?,?)
Hibernate: update employee_invites set consumed_at=?,created_by_user_id=?,expires_at=?,token_hash=?,user_account_id=? where id=?
Hibernate: update user_accounts set email=?,employee_profile_id=?,last_login_at=?,role=?,status=?,updated_at=? where id=?
Hibernate: select ua1_0.id,ua1_0.created_at,ua1_0.email,ua1_0.employee_profile_id,ua1_0.last_login_at,ua1_0.role,ua1_0.status,ua1_0.updated_at from user_accounts ua1_0 where upper(ua1_0.email)=upper(?)
Hibernate: select pc1_0.id,pc1_0.password_algorithm,pc1_0.password_hash,pc1_0.password_updated_at,pc1_0.user_account_id from password_credentials pc1_0 where pc1_0.user_account_id=?
Hibernate: select pc1_0.id,pc1_0.password_algorithm,pc1_0.password_hash,pc1_0.password_updated_at,pc1_0.user_account_id from password_credentials pc1_0 where pc1_0.user_account_id=?
Hibernate: select ua1_0.id,ua1_0.created_at,ua1_0.email,ua1_0.employee_profile_id,ua1_0.last_login_at,ua1_0.role,ua1_0.status,ua1_0.updated_at from user_accounts ua1_0 where upper(ua1_0.email)=upper(?)
Hibernate: select pc1_0.id,pc1_0.password_algorithm,pc1_0.password_hash,pc1_0.password_updated_at,pc1_0.user_account_id from password_credentials pc1_0 where pc1_0.user_account_id=?
Hibernate: select pc1_0.id,pc1_0.password_algorithm,pc1_0.password_hash,pc1_0.password_updated_at,pc1_0.user_account_id from password_credentials pc1_0 where pc1_0.user_account_id=?
Hibernate: insert into audit_events (actor_user_id,created_at,event_type,metadata_json,resource_id,resource_type,result,id) values (?,?,?,?,?,?,?,?)
Hibernate: update user_accounts set email=?,employee_profile_id=?,last_login_at=?,role=?,status=?,updated_at=? where id=?
]]></system-out>
  </testcase>
</testsuite>